================================================================
== Design Size Report
================================================================

* Total Instructions per Compilation Phase
+---------------+-----------------------------+--------------+----------------------------------------------------------------------------------------+
| Phase         | Step                        | Instructions | Description                                                                            |
+---------------+-----------------------------+--------------+----------------------------------------------------------------------------------------+
| Compile/Link  |                             |   329        | After all functions are compiled and linked into a single design                       |
|               |                             |              |                                                                                        |
| Unroll/Inline |                             |              | After user unroll and inline pragmas are applied                                       |
|               | (1) unroll                  | 2,883        | user unroll pragmas are applied                                                        |
|               | (2) simplification          | 1,832        | simplification of applied user unroll pragmas                                          |
|               | (3) inline                  | 2,086        | user inline pragmas are applied                                                        |
|               | (4) simplification          | 2,082        | simplification of applied user inline pragmas                                          |
|               |                             |              |                                                                                        |
| Array/Struct  |                             |              | After user array partition and struct aggregate/disaggregate pragmas are applied       |
|               | (1) array partition         | 4,065        | user array partition pragmas are applied                                               |
|               | (2) simplification          | 1,984        | simplification of applied user array partition & struct aggregate/disaggregate pragmas |
|               | (3) aggregate/disaggregate  | 1,984        | user struct aggregate/disaggregate pragmas are applied                                 |
|               | (4) array reshape           | 1,984        | apply array reshape pragmas                                                            |
|               | (5) access patterns         | 2,510        | array access pattern optmizations                                                      |
|               |                             |              |                                                                                        |
| Performance   |                             |              | After transformations are applied to meet performance pragma targets                   |
|               | (1) loop simplification     | 2,509        | loop and instruction simplification                                                    |
|               | (2) parallelization         | 1,997        | loops are unrolled or pipelined to meet performance targets                            |
|               | (3) array partition         | 1,991        | arrays are partitioned to meet performance targets                                     |
|               | (4) simplification          | 1,991        | simplification of design after performance transformations                             |
|               |                             |              |                                                                                        |
| HW Transforms |                             |              | After hardware transfomations                                                          |
|               | (1) lowering                | 2,005        | initial conversion to HW specific instructions                                         |
|               | (2) optimizations           | 1,680        | high level synthesis optimizations                                                     |
+---------------+-----------------------------+--------------+----------------------------------------------------------------------------------------+

* Instructions per Function for each Compilation Phase
+---------------+--------------------+--------------+---------------+--------------+-------------+---------------+
| Function      | Location           | Compile/Link | Unroll/Inline | Array/Struct | Performance | HW Transforms |
+---------------+--------------------+--------------+---------------+--------------+-------------+---------------+
|   mmult_accel | mmult_accel.cpp:18 | 329          | 2,082         | 2,510        | 1,991       | 1,680         |
+---------------+--------------------+--------------+---------------+--------------+-------------+---------------+

* Design Size Message Settings
+---------------------------------------------+--------+------------------------------------------------------------------+
| Message Setting                             | Value  | Description                                                      |
+---------------------------------------------+--------+------------------------------------------------------------------+
| config_compile -design_size_maximum_warning | 100000 | Show a warning when total design instructions exceeds this value |
+---------------------------------------------+--------+------------------------------------------------------------------+


