

================================================================
== Vitis HLS Report for 'mmult_accel_Pipeline_loadA_init_VITIS_LOOP_68_2'
================================================================
* Date:           Mon Feb 17 22:50:11 2025

* Version:        2024.2 (Build 5238294 on Nov  8 2024)
* Project:        MatMul_SA
* Solution:       hls (Vivado IP Flow Target)
* Product family: zynquplus
* Target device:  xck26-sfvc784-2LV-c


================================================================
== Performance Estimates
================================================================
+ Timing: 
    * Summary: 
    +--------+---------+----------+------------+
    |  Clock |  Target | Estimated| Uncertainty|
    +--------+---------+----------+------------+
    |ap_clk  |  0.20 us|  0.198 us|     2.00 ns|
    +--------+---------+----------+------------+

+ Latency: 
    * Summary: 
    +---------+---------+-----------+-----------+-----+-----+------------------------------------------------+
    |  Latency (cycles) |   Latency (absolute)  |  Interval |                    Pipeline                    |
    |   min   |   max   |    min    |    max    | min | max |                      Type                      |
    +---------+---------+-----------+-----------+-----+-----+------------------------------------------------+
    |      267|      267|  53.400 us|  53.400 us|  257|  257|  loop auto-rewind stp (delay=0 clock cycles(s))|
    +---------+---------+-----------+-----------+-----+-----+------------------------------------------------+

    + Detail: 
        * Instance: 
        N/A

        * Loop: 
        +------------------------------+---------+---------+----------+-----------+-----------+------+----------+
        |                              |  Latency (cycles) | Iteration|  Initiation Interval  | Trip |          |
        |           Loop Name          |   min   |   max   |  Latency |  achieved |   target  | Count| Pipelined|
        +------------------------------+---------+---------+----------+-----------+-----------+------+----------+
        |- loadA_init_VITIS_LOOP_68_2  |      265|      265|        11|          1|          1|   256|       yes|
        +------------------------------+---------+---------+----------+-----------+-----------+------+----------+



================================================================
== Utilization Estimates
================================================================
* Summary: 
+-----------------+---------+------+--------+--------+-----+
|       Name      | BRAM_18K|  DSP |   FF   |   LUT  | URAM|
+-----------------+---------+------+--------+--------+-----+
|DSP              |        -|     -|       -|       -|    -|
|Expression       |        -|     -|       0|     477|    -|
|FIFO             |        -|     -|       -|       -|    -|
|Instance         |        -|     4|       0|      20|    -|
|Memory           |        -|     -|       -|       -|    -|
|Multiplexer      |        -|     -|       0|     108|    -|
|Register         |        -|     -|    1569|     640|    -|
+-----------------+---------+------+--------+--------+-----+
|Total            |        0|     4|    1569|    1245|    0|
+-----------------+---------+------+--------+--------+-----+
|Available        |      288|  1248|  234240|  117120|   64|
+-----------------+---------+------+--------+--------+-----+
|Utilization (%)  |        0|    ~0|      ~0|       1|    0|
+-----------------+---------+------+--------+--------+-----+

+ Detail: 
    * Instance: 
    +------------------------+---------------------+---------+----+---+----+-----+
    |        Instance        |        Module       | BRAM_18K| DSP| FF| LUT| URAM|
    +------------------------+---------------------+---------+----+---+----+-----+
    |mul_31ns_32s_63_1_1_U1  |mul_31ns_32s_63_1_1  |        0|   4|  0|  20|    0|
    +------------------------+---------------------+---------+----+---+----+-----+
    |Total                   |                     |        0|   4|  0|  20|    0|
    +------------------------+---------------------+---------+----+---+----+-----+

    * DSP: 
    N/A

    * Memory: 
    N/A

    * FIFO: 
    N/A

    * Expression: 
    +-----------------------------------+----------+----+---+----+------------+------------+
    |           Variable Name           | Operation| DSP| FF| LUT| Bitwidth P0| Bitwidth P1|
    +-----------------------------------+----------+----+---+----+------------+------------+
    |add_ln66_1_fu_492_p2               |         +|   0|  0|  12|           5|           1|
    |add_ln66_fu_466_p2                 |         +|   0|  0|  16|           9|           1|
    |add_ln68_fu_617_p2                 |         +|   0|  0|  12|           5|           1|
    |add_ln73_1_fu_581_p2               |         +|   0|  0|  64|          64|          64|
    |add_ln73_fu_587_p2                 |         +|   0|  0|  64|          64|          64|
    |empty_fu_533_p2                    |         +|   0|  0|  39|          32|          32|
    |tmp_fu_518_p2                      |         +|   0|  0|  38|          31|          31|
    |and_ln72_fu_575_p2                 |       and|   0|  0|   2|           1|           1|
    |ap_block_pp0_stage0_11001_grp1     |       and|   0|  0|   2|           1|           1|
    |ap_block_state10_pp0_stage0_iter9  |       and|   0|  0|   2|           1|           1|
    |ap_block_state2_io_grp1            |       and|   0|  0|   2|           1|           1|
    |ap_condition_564                   |       and|   0|  0|   2|           1|           1|
    |ap_predicate_op87_readreq_state2   |       and|   0|  0|   2|           1|           1|
    |ap_predicate_op95_read_state10     |       and|   0|  0|   2|           1|           1|
    |cmp27_fu_539_p2                    |      icmp|   0|  0|  39|          32|          32|
    |icmp_ln66_fu_460_p2                |      icmp|   0|  0|  17|           9|          10|
    |icmp_ln68_fu_478_p2                |      icmp|   0|  0|  13|           5|           6|
    |icmp_ln72_fu_569_p2                |      icmp|   0|  0|  39|          32|          32|
    |lshr_ln73_fu_649_p2                |      lshr|   0|  0|  96|          32|          32|
    |ap_block_pp0_stage0_11001          |        or|   0|  0|   2|           1|           1|
    |select_ln66_1_fu_498_p3            |    select|   0|  0|   5|           1|           5|
    |select_ln66_fu_484_p3              |    select|   0|  0|   5|           1|           1|
    |ap_enable_pp0                      |       xor|   0|  0|   2|           1|           2|
    +-----------------------------------+----------+----+---+----+------------+------------+
    |Total                              |          |   0|  0| 477|         331|         322|
    +-----------------------------------+----------+----+---+----+------------+------------+

    * Multiplexer: 
    +---------------------------------------------+----+-----------+-----+-----------+
    |                     Name                    | LUT| Input Size| Bits| Total Bits|
    +---------------------------------------------+----+-----------+-----+-----------+
    |ap_done_int                                  |   9|          2|    1|          2|
    |ap_enable_reg_pp0_iter1                      |   9|          2|    1|          2|
    |ap_phi_mux_storemerge1840_phi_fu_402_p4      |   9|          2|    8|         16|
    |ap_phi_reg_pp0_iter1_storemerge1840_reg_398  |   9|          2|    8|         16|
    |ap_sig_allocacmp_ii_load                     |   9|          2|    5|         10|
    |ap_sig_allocacmp_indvar_flatten_load         |   9|          2|    9|         18|
    |ap_sig_allocacmp_kk_load                     |   9|          2|    5|         10|
    |gmem0_blk_n_AR                               |   9|          2|    1|          2|
    |gmem0_blk_n_R                                |   9|          2|    1|          2|
    |ii_fu_150                                    |   9|          2|    5|         10|
    |indvar_flatten_fu_154                        |   9|          2|    9|         18|
    |kk_fu_146                                    |   9|          2|    5|         10|
    +---------------------------------------------+----+-----------+-----+-----------+
    |Total                                        | 108|         24|   58|        116|
    +---------------------------------------------+----+-----------+-----+-----------+

    * Register: 
    +----------------------------------------------+----+----+-----+-----------+
    |                     Name                     | FF | LUT| Bits| Const Bits|
    +----------------------------------------------+----+----+-----+-----------+
    |and_ln72_reg_688                              |   1|   0|    1|          0|
    |ap_CS_fsm                                     |   1|   0|    1|          0|
    |ap_block_pp0_stage0_subdone_grp1_done_reg     |   1|   0|    1|          0|
    |ap_done_reg                                   |   1|   0|    1|          0|
    |ap_enable_reg_pp0_iter1                       |   1|   0|    1|          0|
    |ap_enable_reg_pp0_iter10                      |   1|   0|    1|          0|
    |ap_enable_reg_pp0_iter2                       |   1|   0|    1|          0|
    |ap_enable_reg_pp0_iter3                       |   1|   0|    1|          0|
    |ap_enable_reg_pp0_iter4                       |   1|   0|    1|          0|
    |ap_enable_reg_pp0_iter5                       |   1|   0|    1|          0|
    |ap_enable_reg_pp0_iter6                       |   1|   0|    1|          0|
    |ap_enable_reg_pp0_iter7                       |   1|   0|    1|          0|
    |ap_enable_reg_pp0_iter8                       |   1|   0|    1|          0|
    |ap_enable_reg_pp0_iter9                       |   1|   0|    1|          0|
    |ap_loop_exit_ready_pp0_iter1_reg              |   1|   0|    1|          0|
    |ap_loop_exit_ready_pp0_iter2_reg              |   1|   0|    1|          0|
    |ap_loop_exit_ready_pp0_iter3_reg              |   1|   0|    1|          0|
    |ap_loop_exit_ready_pp0_iter4_reg              |   1|   0|    1|          0|
    |ap_loop_exit_ready_pp0_iter5_reg              |   1|   0|    1|          0|
    |ap_loop_exit_ready_pp0_iter6_reg              |   1|   0|    1|          0|
    |ap_loop_exit_ready_pp0_iter7_reg              |   1|   0|    1|          0|
    |ap_loop_exit_ready_pp0_iter8_reg              |   1|   0|    1|          0|
    |ap_loop_exit_ready_pp0_iter9_reg              |   1|   0|    1|          0|
    |ap_phi_reg_pp0_iter10_storemerge1840_reg_398  |   8|   0|    8|          0|
    |ap_phi_reg_pp0_iter1_storemerge1840_reg_398   |   8|   0|    8|          0|
    |ap_phi_reg_pp0_iter2_storemerge1840_reg_398   |   8|   0|    8|          0|
    |ap_phi_reg_pp0_iter3_storemerge1840_reg_398   |   8|   0|    8|          0|
    |ap_phi_reg_pp0_iter4_storemerge1840_reg_398   |   8|   0|    8|          0|
    |ap_phi_reg_pp0_iter5_storemerge1840_reg_398   |   8|   0|    8|          0|
    |ap_phi_reg_pp0_iter6_storemerge1840_reg_398   |   8|   0|    8|          0|
    |ap_phi_reg_pp0_iter7_storemerge1840_reg_398   |   8|   0|    8|          0|
    |ap_phi_reg_pp0_iter8_storemerge1840_reg_398   |   8|   0|    8|          0|
    |ap_phi_reg_pp0_iter9_storemerge1840_reg_398   |   8|   0|    8|          0|
    |gmem0_addr_read_reg_783                       |  32|   0|   32|          0|
    |gmem0_addr_reg_772                            |  64|   0|   64|          0|
    |icmp_ln66_reg_680                             |   1|   0|    1|          0|
    |ii_fu_150                                     |   5|   0|    5|          0|
    |indvar_flatten_fu_154                         |   9|   0|    9|          0|
    |kk_fu_146                                     |   5|   0|    5|          0|
    |localA_ping_10_addr_reg_742                   |   4|   0|    4|          0|
    |localA_ping_11_addr_reg_747                   |   4|   0|    4|          0|
    |localA_ping_12_addr_reg_752                   |   4|   0|    4|          0|
    |localA_ping_13_addr_reg_757                   |   4|   0|    4|          0|
    |localA_ping_14_addr_reg_762                   |   4|   0|    4|          0|
    |localA_ping_15_addr_reg_767                   |   4|   0|    4|          0|
    |localA_ping_1_addr_reg_697                    |   4|   0|    4|          0|
    |localA_ping_2_addr_reg_702                    |   4|   0|    4|          0|
    |localA_ping_3_addr_reg_707                    |   4|   0|    4|          0|
    |localA_ping_4_addr_reg_712                    |   4|   0|    4|          0|
    |localA_ping_5_addr_reg_717                    |   4|   0|    4|          0|
    |localA_ping_6_addr_reg_722                    |   4|   0|    4|          0|
    |localA_ping_7_addr_reg_727                    |   4|   0|    4|          0|
    |localA_ping_8_addr_reg_732                    |   4|   0|    4|          0|
    |localA_ping_9_addr_reg_737                    |   4|   0|    4|          0|
    |localA_ping_addr_reg_692                      |   4|   0|    4|          0|
    |trunc_ln66_reg_684                            |   4|   0|    4|          0|
    |trunc_ln73_reg_778                            |   2|   0|    2|          0|
    |and_ln72_reg_688                              |  64|  32|    1|          0|
    |icmp_ln66_reg_680                             |  64|  32|    1|          0|
    |localA_ping_10_addr_reg_742                   |  64|  32|    4|          0|
    |localA_ping_11_addr_reg_747                   |  64|  32|    4|          0|
    |localA_ping_12_addr_reg_752                   |  64|  32|    4|          0|
    |localA_ping_13_addr_reg_757                   |  64|  32|    4|          0|
    |localA_ping_14_addr_reg_762                   |  64|  32|    4|          0|
    |localA_ping_15_addr_reg_767                   |  64|  32|    4|          0|
    |localA_ping_1_addr_reg_697                    |  64|  32|    4|          0|
    |localA_ping_2_addr_reg_702                    |  64|  32|    4|          0|
    |localA_ping_3_addr_reg_707                    |  64|  32|    4|          0|
    |localA_ping_4_addr_reg_712                    |  64|  32|    4|          0|
    |localA_ping_5_addr_reg_717                    |  64|  32|    4|          0|
    |localA_ping_6_addr_reg_722                    |  64|  32|    4|          0|
    |localA_ping_7_addr_reg_727                    |  64|  32|    4|          0|
    |localA_ping_8_addr_reg_732                    |  64|  32|    4|          0|
    |localA_ping_9_addr_reg_737                    |  64|  32|    4|          0|
    |localA_ping_addr_reg_692                      |  64|  32|    4|          0|
    |trunc_ln66_reg_684                            |  64|  32|    4|          0|
    |trunc_ln73_reg_778                            |  64|  32|    2|          0|
    +----------------------------------------------+----+----+-----+-----------+
    |Total                                         |1569| 640|  361|          0|
    +----------------------------------------------+----+----+-----+-----------+



================================================================
== Interface
================================================================
* Summary: 
+-------------------------+-----+-----+------------+-------------------------------------------------+--------------+
|        RTL Ports        | Dir | Bits|  Protocol  |                  Source Object                  |    C Type    |
+-------------------------+-----+-----+------------+-------------------------------------------------+--------------+
|ap_clk                   |   in|    1|  ap_ctrl_hs|  mmult_accel_Pipeline_loadA_init_VITIS_LOOP_68_2|  return value|
|ap_rst                   |   in|    1|  ap_ctrl_hs|  mmult_accel_Pipeline_loadA_init_VITIS_LOOP_68_2|  return value|
|ap_start                 |   in|    1|  ap_ctrl_hs|  mmult_accel_Pipeline_loadA_init_VITIS_LOOP_68_2|  return value|
|ap_done                  |  out|    1|  ap_ctrl_hs|  mmult_accel_Pipeline_loadA_init_VITIS_LOOP_68_2|  return value|
|ap_idle                  |  out|    1|  ap_ctrl_hs|  mmult_accel_Pipeline_loadA_init_VITIS_LOOP_68_2|  return value|
|ap_ready                 |  out|    1|  ap_ctrl_hs|  mmult_accel_Pipeline_loadA_init_VITIS_LOOP_68_2|  return value|
|m_axi_gmem0_0_AWVALID    |  out|    1|       m_axi|                                            gmem0|       pointer|
|m_axi_gmem0_0_AWREADY    |   in|    1|       m_axi|                                            gmem0|       pointer|
|m_axi_gmem0_0_AWADDR     |  out|   64|       m_axi|                                            gmem0|       pointer|
|m_axi_gmem0_0_AWID       |  out|    1|       m_axi|                                            gmem0|       pointer|
|m_axi_gmem0_0_AWLEN      |  out|   32|       m_axi|                                            gmem0|       pointer|
|m_axi_gmem0_0_AWSIZE     |  out|    3|       m_axi|                                            gmem0|       pointer|
|m_axi_gmem0_0_AWBURST    |  out|    2|       m_axi|                                            gmem0|       pointer|
|m_axi_gmem0_0_AWLOCK     |  out|    2|       m_axi|                                            gmem0|       pointer|
|m_axi_gmem0_0_AWCACHE    |  out|    4|       m_axi|                                            gmem0|       pointer|
|m_axi_gmem0_0_AWPROT     |  out|    3|       m_axi|                                            gmem0|       pointer|
|m_axi_gmem0_0_AWQOS      |  out|    4|       m_axi|                                            gmem0|       pointer|
|m_axi_gmem0_0_AWREGION   |  out|    4|       m_axi|                                            gmem0|       pointer|
|m_axi_gmem0_0_AWUSER     |  out|    1|       m_axi|                                            gmem0|       pointer|
|m_axi_gmem0_0_WVALID     |  out|    1|       m_axi|                                            gmem0|       pointer|
|m_axi_gmem0_0_WREADY     |   in|    1|       m_axi|                                            gmem0|       pointer|
|m_axi_gmem0_0_WDATA      |  out|   32|       m_axi|                                            gmem0|       pointer|
|m_axi_gmem0_0_WSTRB      |  out|    4|       m_axi|                                            gmem0|       pointer|
|m_axi_gmem0_0_WLAST      |  out|    1|       m_axi|                                            gmem0|       pointer|
|m_axi_gmem0_0_WID        |  out|    1|       m_axi|                                            gmem0|       pointer|
|m_axi_gmem0_0_WUSER      |  out|    1|       m_axi|                                            gmem0|       pointer|
|m_axi_gmem0_0_ARVALID    |  out|    1|       m_axi|                                            gmem0|       pointer|
|m_axi_gmem0_0_ARREADY    |   in|    1|       m_axi|                                            gmem0|       pointer|
|m_axi_gmem0_0_ARADDR     |  out|   64|       m_axi|                                            gmem0|       pointer|
|m_axi_gmem0_0_ARID       |  out|    1|       m_axi|                                            gmem0|       pointer|
|m_axi_gmem0_0_ARLEN      |  out|   32|       m_axi|                                            gmem0|       pointer|
|m_axi_gmem0_0_ARSIZE     |  out|    3|       m_axi|                                            gmem0|       pointer|
|m_axi_gmem0_0_ARBURST    |  out|    2|       m_axi|                                            gmem0|       pointer|
|m_axi_gmem0_0_ARLOCK     |  out|    2|       m_axi|                                            gmem0|       pointer|
|m_axi_gmem0_0_ARCACHE    |  out|    4|       m_axi|                                            gmem0|       pointer|
|m_axi_gmem0_0_ARPROT     |  out|    3|       m_axi|                                            gmem0|       pointer|
|m_axi_gmem0_0_ARQOS      |  out|    4|       m_axi|                                            gmem0|       pointer|
|m_axi_gmem0_0_ARREGION   |  out|    4|       m_axi|                                            gmem0|       pointer|
|m_axi_gmem0_0_ARUSER     |  out|    1|       m_axi|                                            gmem0|       pointer|
|m_axi_gmem0_0_RVALID     |   in|    1|       m_axi|                                            gmem0|       pointer|
|m_axi_gmem0_0_RREADY     |  out|    1|       m_axi|                                            gmem0|       pointer|
|m_axi_gmem0_0_RDATA      |   in|   32|       m_axi|                                            gmem0|       pointer|
|m_axi_gmem0_0_RLAST      |   in|    1|       m_axi|                                            gmem0|       pointer|
|m_axi_gmem0_0_RID        |   in|    1|       m_axi|                                            gmem0|       pointer|
|m_axi_gmem0_0_RFIFONUM   |   in|    9|       m_axi|                                            gmem0|       pointer|
|m_axi_gmem0_0_RUSER      |   in|    1|       m_axi|                                            gmem0|       pointer|
|m_axi_gmem0_0_RRESP      |   in|    2|       m_axi|                                            gmem0|       pointer|
|m_axi_gmem0_0_BVALID     |   in|    1|       m_axi|                                            gmem0|       pointer|
|m_axi_gmem0_0_BREADY     |  out|    1|       m_axi|                                            gmem0|       pointer|
|m_axi_gmem0_0_BRESP      |   in|    2|       m_axi|                                            gmem0|       pointer|
|m_axi_gmem0_0_BID        |   in|    1|       m_axi|                                            gmem0|       pointer|
|m_axi_gmem0_0_BUSER      |   in|    1|       m_axi|                                            gmem0|       pointer|
|shl_ln                   |   in|   31|     ap_none|                                           shl_ln|        scalar|
|sext_ln43_2              |   in|   32|     ap_none|                                      sext_ln43_2|        scalar|
|i0                       |   in|   31|     ap_none|                                               i0|        scalar|
|N                        |   in|   31|     ap_none|                                                N|        scalar|
|localA_ping_15_address0  |  out|    4|   ap_memory|                                   localA_ping_15|         array|
|localA_ping_15_ce0       |  out|    1|   ap_memory|                                   localA_ping_15|         array|
|localA_ping_15_we0       |  out|    1|   ap_memory|                                   localA_ping_15|         array|
|localA_ping_15_d0        |  out|    8|   ap_memory|                                   localA_ping_15|         array|
|localA_ping_14_address0  |  out|    4|   ap_memory|                                   localA_ping_14|         array|
|localA_ping_14_ce0       |  out|    1|   ap_memory|                                   localA_ping_14|         array|
|localA_ping_14_we0       |  out|    1|   ap_memory|                                   localA_ping_14|         array|
|localA_ping_14_d0        |  out|    8|   ap_memory|                                   localA_ping_14|         array|
|localA_ping_13_address0  |  out|    4|   ap_memory|                                   localA_ping_13|         array|
|localA_ping_13_ce0       |  out|    1|   ap_memory|                                   localA_ping_13|         array|
|localA_ping_13_we0       |  out|    1|   ap_memory|                                   localA_ping_13|         array|
|localA_ping_13_d0        |  out|    8|   ap_memory|                                   localA_ping_13|         array|
|localA_ping_12_address0  |  out|    4|   ap_memory|                                   localA_ping_12|         array|
|localA_ping_12_ce0       |  out|    1|   ap_memory|                                   localA_ping_12|         array|
|localA_ping_12_we0       |  out|    1|   ap_memory|                                   localA_ping_12|         array|
|localA_ping_12_d0        |  out|    8|   ap_memory|                                   localA_ping_12|         array|
|localA_ping_11_address0  |  out|    4|   ap_memory|                                   localA_ping_11|         array|
|localA_ping_11_ce0       |  out|    1|   ap_memory|                                   localA_ping_11|         array|
|localA_ping_11_we0       |  out|    1|   ap_memory|                                   localA_ping_11|         array|
|localA_ping_11_d0        |  out|    8|   ap_memory|                                   localA_ping_11|         array|
|localA_ping_10_address0  |  out|    4|   ap_memory|                                   localA_ping_10|         array|
|localA_ping_10_ce0       |  out|    1|   ap_memory|                                   localA_ping_10|         array|
|localA_ping_10_we0       |  out|    1|   ap_memory|                                   localA_ping_10|         array|
|localA_ping_10_d0        |  out|    8|   ap_memory|                                   localA_ping_10|         array|
|localA_ping_9_address0   |  out|    4|   ap_memory|                                    localA_ping_9|         array|
|localA_ping_9_ce0        |  out|    1|   ap_memory|                                    localA_ping_9|         array|
|localA_ping_9_we0        |  out|    1|   ap_memory|                                    localA_ping_9|         array|
|localA_ping_9_d0         |  out|    8|   ap_memory|                                    localA_ping_9|         array|
|localA_ping_8_address0   |  out|    4|   ap_memory|                                    localA_ping_8|         array|
|localA_ping_8_ce0        |  out|    1|   ap_memory|                                    localA_ping_8|         array|
|localA_ping_8_we0        |  out|    1|   ap_memory|                                    localA_ping_8|         array|
|localA_ping_8_d0         |  out|    8|   ap_memory|                                    localA_ping_8|         array|
|localA_ping_7_address0   |  out|    4|   ap_memory|                                    localA_ping_7|         array|
|localA_ping_7_ce0        |  out|    1|   ap_memory|                                    localA_ping_7|         array|
|localA_ping_7_we0        |  out|    1|   ap_memory|                                    localA_ping_7|         array|
|localA_ping_7_d0         |  out|    8|   ap_memory|                                    localA_ping_7|         array|
|localA_ping_6_address0   |  out|    4|   ap_memory|                                    localA_ping_6|         array|
|localA_ping_6_ce0        |  out|    1|   ap_memory|                                    localA_ping_6|         array|
|localA_ping_6_we0        |  out|    1|   ap_memory|                                    localA_ping_6|         array|
|localA_ping_6_d0         |  out|    8|   ap_memory|                                    localA_ping_6|         array|
|localA_ping_5_address0   |  out|    4|   ap_memory|                                    localA_ping_5|         array|
|localA_ping_5_ce0        |  out|    1|   ap_memory|                                    localA_ping_5|         array|
|localA_ping_5_we0        |  out|    1|   ap_memory|                                    localA_ping_5|         array|
|localA_ping_5_d0         |  out|    8|   ap_memory|                                    localA_ping_5|         array|
|localA_ping_4_address0   |  out|    4|   ap_memory|                                    localA_ping_4|         array|
|localA_ping_4_ce0        |  out|    1|   ap_memory|                                    localA_ping_4|         array|
|localA_ping_4_we0        |  out|    1|   ap_memory|                                    localA_ping_4|         array|
|localA_ping_4_d0         |  out|    8|   ap_memory|                                    localA_ping_4|         array|
|localA_ping_3_address0   |  out|    4|   ap_memory|                                    localA_ping_3|         array|
|localA_ping_3_ce0        |  out|    1|   ap_memory|                                    localA_ping_3|         array|
|localA_ping_3_we0        |  out|    1|   ap_memory|                                    localA_ping_3|         array|
|localA_ping_3_d0         |  out|    8|   ap_memory|                                    localA_ping_3|         array|
|localA_ping_2_address0   |  out|    4|   ap_memory|                                    localA_ping_2|         array|
|localA_ping_2_ce0        |  out|    1|   ap_memory|                                    localA_ping_2|         array|
|localA_ping_2_we0        |  out|    1|   ap_memory|                                    localA_ping_2|         array|
|localA_ping_2_d0         |  out|    8|   ap_memory|                                    localA_ping_2|         array|
|localA_ping_1_address0   |  out|    4|   ap_memory|                                    localA_ping_1|         array|
|localA_ping_1_ce0        |  out|    1|   ap_memory|                                    localA_ping_1|         array|
|localA_ping_1_we0        |  out|    1|   ap_memory|                                    localA_ping_1|         array|
|localA_ping_1_d0         |  out|    8|   ap_memory|                                    localA_ping_1|         array|
|localA_ping_address0     |  out|    4|   ap_memory|                                      localA_ping|         array|
|localA_ping_ce0          |  out|    1|   ap_memory|                                      localA_ping|         array|
|localA_ping_we0          |  out|    1|   ap_memory|                                      localA_ping|         array|
|localA_ping_d0           |  out|    8|   ap_memory|                                      localA_ping|         array|
|K                        |   in|   32|     ap_none|                                                K|        scalar|
|A                        |   in|   64|     ap_none|                                                A|        scalar|
+-------------------------+-----+-----+------------+-------------------------------------------------+--------------+

